[DEBUG] Début initialisation
Impossible de définir la priorité
DEBUG: SDL_Init ok
DEBUG: IMG_Init PNG ok
DEBUG: tailles init l=320 h=180 l_act=1280 h_act=720 coeff=4
DEBUG: fenetre creee
DEBUG: renderer cree
DEBUG: fenetre_init ok
[DEBUG] fenetre=0x9f1a920 rendu=0xa148b50
DEBUG: gestionnaire textures initialise capacite=50
DEBUG: gestionnaire son initialise capacite=50
DEBUG: png trouve ./assets/test.png
DEBUG: png trouve ./assets/police/88.png
DEBUG: png trouve ./assets/police/74.png
DEBUG: png trouve ./assets/police/69.png
DEBUG: png trouve ./assets/police/112.png
DEBUG: png trouve ./assets/police/104.png
DEBUG: png trouve ./assets/police/92.png
DEBUG: png trouve ./assets/police/120.png
DEBUG: png trouve ./assets/police/63.png
DEBUG: png trouve ./assets/police/32.png
DEBUG: png trouve ./assets/police/70.png
DEBUG: png trouve ./assets/police/101.png
DEBUG: png trouve ./assets/police/98.png
DEBUG: png trouve ./assets/police/97.png
DEBUG: png trouve ./assets/police/83.png
DEBUG: png trouve ./assets/police/111.png
DEBUG: png trouve ./assets/police/93.png
DEBUG: png trouve ./assets/police/125.png
DEBUG: png trouve ./assets/police/106.png
DEBUG: png trouve ./assets/police/59.png
DEBUG: png trouve ./assets/police/99.png
DEBUG: png trouve ./assets/police/53.png
DEBUG: png trouve ./assets/police/54.png
DEBUG: png trouve ./assets/police/45.png
DEBUG: png trouve ./assets/police/75.png
DEBUG: png trouve ./assets/police/85.png
DEBUG: png trouve ./assets/police/73.png
DEBUG: png trouve ./assets/police/76.png
DEBUG: png trouve ./assets/police/115.png
DEBUG: png trouve ./assets/police/77.png
DEBUG: png trouve ./assets/police/89.png
DEBUG: png trouve ./assets/police/122.png
DEBUG: png trouve ./assets/police/56.png
DEBUG: png trouve ./assets/police/58.png
DEBUG: png trouve ./assets/police/65.png
DEBUG: png trouve ./assets/police/108.png
DEBUG: png trouve ./assets/police/78.png
DEBUG: png trouve ./assets/police/113.png
DEBUG: png trouve ./assets/police/48.png
DEBUG: png trouve ./assets/police/68.png
DEBUG: png trouve ./assets/police/82.png
DEBUG: png trouve ./assets/police/36.png
DEBUG: png trouve ./assets/police/90.png
DEBUG: png trouve ./assets/police/87.png
DEBUG: png trouve ./assets/police/103.png
DEBUG: png trouve ./assets/police/67.png
DEBUG: png trouve ./assets/police/49.png
DEBUG: png trouve ./assets/police/117.png
DEBUG: png trouve ./assets/police/80.png
DEBUG: png trouve ./assets/police/61.png
DEBUG: png trouve ./assets/police/121.png
DEBUG: png trouve ./assets/police/72.png
DEBUG: png trouve ./assets/police/119.png
DEBUG: png trouve ./assets/police/102.png
DEBUG: png trouve ./assets/police/51.png
DEBUG: png trouve ./assets/police/114.png
DEBUG: png trouve ./assets/police/60.png
DEBUG: png trouve ./assets/police/71.png
DEBUG: png trouve ./assets/police/79.png
DEBUG: png trouve ./assets/police/46.png
DEBUG: png trouve ./assets/police/116.png
DEBUG: png trouve ./assets/police/109.png
DEBUG: png trouve ./assets/police/50.png
DEBUG: png trouve ./assets/police/91.png
DEBUG: png trouve ./assets/police/100.png
DEBUG: png trouve ./assets/police/107.png
DEBUG: png trouve ./assets/police/86.png
DEBUG: png trouve ./assets/police/123.png
DEBUG: png trouve ./assets/police/105.png
DEBUG: png trouve ./assets/police/55.png
DEBUG: png trouve ./assets/police/66.png
DEBUG: png trouve ./assets/police/110.png
DEBUG: png trouve ./assets/police/118.png
DEBUG: png trouve ./assets/police/81.png
DEBUG: png trouve ./assets/police/52.png
DEBUG: png trouve ./assets/police/57.png
DEBUG: png trouve ./assets/police/33.png
DEBUG: png trouve ./assets/police/84.png
DEBUG: collecte terminee nb=78 dossier=./assets
DEBUG: texture chargee id=./assets/test.png index=0
DEBUG: texture chargee id=./assets/police/88.png index=1
DEBUG: texture chargee id=./assets/police/74.png index=2
DEBUG: texture chargee id=./assets/police/69.png index=3
DEBUG: texture chargee id=./assets/police/112.png index=4
DEBUG: texture chargee id=./assets/police/104.png index=5
DEBUG: texture chargee id=./assets/police/92.png index=6
DEBUG: texture chargee id=./assets/police/120.png index=7
DEBUG: texture chargee id=./assets/police/63.png index=8
DEBUG: texture chargee id=./assets/police/32.png index=9
DEBUG: texture chargee id=./assets/police/70.png index=10
DEBUG: texture chargee id=./assets/police/101.png index=11
DEBUG: texture chargee id=./assets/police/98.png index=12
DEBUG: texture chargee id=./assets/police/97.png index=13
DEBUG: texture chargee id=./assets/police/83.png index=14
DEBUG: texture chargee id=./assets/police/111.png index=15
DEBUG: texture chargee id=./assets/police/93.png index=16
DEBUG: texture chargee id=./assets/police/125.png index=17
DEBUG: texture chargee id=./assets/police/106.png index=18
DEBUG: texture chargee id=./assets/police/59.png index=19
DEBUG: texture chargee id=./assets/police/99.png index=20
DEBUG: texture chargee id=./assets/police/53.png index=21
DEBUG: texture chargee id=./assets/police/54.png index=22
DEBUG: texture chargee id=./assets/police/45.png index=23
DEBUG: texture chargee id=./assets/police/75.png index=24
DEBUG: texture chargee id=./assets/police/85.png index=25
DEBUG: texture chargee id=./assets/police/73.png index=26
DEBUG: texture chargee id=./assets/police/76.png index=27
DEBUG: texture chargee id=./assets/police/115.png index=28
DEBUG: texture chargee id=./assets/police/77.png index=29
DEBUG: texture chargee id=./assets/police/89.png index=30
DEBUG: texture chargee id=./assets/police/122.png index=31
DEBUG: texture chargee id=./assets/police/56.png index=32
DEBUG: texture chargee id=./assets/police/58.png index=33
DEBUG: texture chargee id=./assets/police/65.png index=34
DEBUG: texture chargee id=./assets/police/108.png index=35
DEBUG: texture chargee id=./assets/police/78.png index=36
DEBUG: texture chargee id=./assets/police/113.png index=37
DEBUG: texture chargee id=./assets/police/48.png index=38
DEBUG: texture chargee id=./assets/police/68.png index=39
DEBUG: texture chargee id=./assets/police/82.png index=40
DEBUG: texture chargee id=./assets/police/36.png index=41
DEBUG: texture chargee id=./assets/police/90.png index=42
DEBUG: texture chargee id=./assets/police/87.png index=43
DEBUG: texture chargee id=./assets/police/103.png index=44
DEBUG: texture chargee id=./assets/police/67.png index=45
DEBUG: texture chargee id=./assets/police/49.png index=46
DEBUG: texture chargee id=./assets/police/117.png index=47
DEBUG: texture chargee id=./assets/police/80.png index=48
DEBUG: texture chargee id=./assets/police/61.png index=49
DEBUG: realloc reussi ancien_cap=50 nouveau_cap=100
DEBUG: texture chargee id=./assets/police/121.png index=50
DEBUG: texture chargee id=./assets/police/72.png index=51
DEBUG: texture chargee id=./assets/police/119.png index=52
DEBUG: texture chargee id=./assets/police/102.png index=53
DEBUG: texture chargee id=./assets/police/51.png index=54
DEBUG: texture chargee id=./assets/police/114.png index=55
DEBUG: texture chargee id=./assets/police/60.png index=56
DEBUG: texture chargee id=./assets/police/71.png index=57
DEBUG: texture chargee id=./assets/police/79.png index=58
DEBUG: texture chargee id=./assets/police/46.png index=59
DEBUG: texture chargee id=./assets/police/116.png index=60
DEBUG: texture chargee id=./assets/police/109.png index=61
DEBUG: texture chargee id=./assets/police/50.png index=62
DEBUG: texture chargee id=./assets/police/91.png index=63
DEBUG: texture chargee id=./assets/police/100.png index=64
DEBUG: texture chargee id=./assets/police/107.png index=65
DEBUG: texture chargee id=./assets/police/86.png index=66
DEBUG: texture chargee id=./assets/police/123.png index=67
DEBUG: texture chargee id=./assets/police/105.png index=68
DEBUG: texture chargee id=./assets/police/55.png index=69
DEBUG: texture chargee id=./assets/police/66.png index=70
DEBUG: texture chargee id=./assets/police/110.png index=71
DEBUG: texture chargee id=./assets/police/118.png index=72
DEBUG: texture chargee id=./assets/police/81.png index=73
DEBUG: texture chargee id=./assets/police/52.png index=74
DEBUG: texture chargee id=./assets/police/57.png index=75
DEBUG: texture chargee id=./assets/police/33.png index=76
DEBUG: texture chargee id=./assets/police/84.png index=77
DEBUG: wav trouve ./assets/test.wav
DEBUG: collecte terminee nb=1 dossier=./assets
DEBUG: son charge id=./assets/test.wav index=0
[DEBUG] Initialisation OK (l=320 h=180 coeff=4)
DEBUG: AVANT (decalage) raw=(715,0) dec=(0.00,0.00) coeff=(4.000,4.000) -> univers=(178.75,0.00)
DEBUG: mode plein ecran conserve echelle mode=(1920x1080) l_act=1920 h_act=1080 dec=(0.00,0.00)
DEBUG: APRES (decalage) univers=(178.75,0.00) coeff=(6.000,6.000) dec=(0.00,0.00) -> screen=(1072,0)
DEBUG: AVANT (decalage) raw=(1072,0) dec=(0.00,0.00) coeff=(6.000,6.000) -> univers=(178.67,0.00)
DEBUG: mode fenetre conserve echelle l_act=1280 h_act=720 dec=(0.00,0.00)
DEBUG: APRES (decalage) univers=(178.67,0.00) coeff=(4.000,4.000) dec=(0.00,0.00) -> screen=(714,0)
DEBUG: AVANT (decalage) raw=(774,0) dec=(0.00,0.00) coeff=(4.000,4.000) -> univers=(193.50,0.00)
DEBUG: mode plein ecran conserve echelle mode=(1920x1080) l_act=1920 h_act=1080 dec=(0.00,0.00)
DEBUG: APRES (decalage) univers=(193.50,0.00) coeff=(6.000,6.000) dec=(0.00,0.00) -> screen=(1161,0)
DEBUG: AVANT (decalage) raw=(1149,0) dec=(0.00,0.00) coeff=(6.000,6.000) -> univers=(191.50,0.00)
DEBUG: mode fenetre conserve echelle l_act=1280 h_act=720 dec=(0.00,0.00)
DEBUG: APRES (decalage) univers=(191.50,0.00) coeff=(4.000,4.000) dec=(0.00,0.00) -> screen=(766,0)
DEBUG: AVANT (decalage) raw=(965,0) dec=(0.00,0.00) coeff=(4.000,4.000) -> univers=(241.25,0.00)
DEBUG: mode plein ecran conserve echelle mode=(1920x1080) l_act=1920 h_act=1080 dec=(0.00,0.00)
DEBUG: APRES (decalage) univers=(241.25,0.00) coeff=(6.000,6.000) dec=(0.00,0.00) -> screen=(1447,0)
DEBUG: AVANT (decalage) raw=(1411,0) dec=(0.00,0.00) coeff=(6.000,6.000) -> univers=(235.17,0.00)
DEBUG: mode fenetre conserve echelle l_act=1280 h_act=720 dec=(0.00,0.00)
DEBUG: APRES (decalage) univers=(235.17,0.00) coeff=(4.000,4.000) dec=(0.00,0.00) -> screen=(940,0)
DEBUG: AVANT (decalage) raw=(1085,0) dec=(0.00,0.00) coeff=(4.000,4.000) -> univers=(271.25,0.00)
DEBUG: mode plein ecran conserve echelle mode=(1920x1080) l_act=1920 h_act=1080 dec=(0.00,0.00)
DEBUG: APRES (decalage) univers=(271.25,0.00) coeff=(6.000,6.000) dec=(0.00,0.00) -> screen=(1627,0)
DEBUG: AVANT (decalage) raw=(1295,224) dec=(0.00,0.00) coeff=(6.000,6.000) -> univers=(215.83,37.33)
DEBUG: mode fenetre conserve echelle l_act=1280 h_act=720 dec=(0.00,0.00)
DEBUG: APRES (decalage) univers=(215.83,37.33) coeff=(4.000,4.000) dec=(0.00,0.00) -> screen=(863,149)
DEBUG: AVANT (decalage) raw=(987,132) dec=(0.00,0.00) coeff=(4.000,4.000) -> univers=(246.75,33.00)
DEBUG: mode plein ecran conserve echelle mode=(1920x1080) l_act=1920 h_act=1080 dec=(0.00,0.00)
DEBUG: APRES (decalage) univers=(246.75,33.00) coeff=(6.000,6.000) dec=(0.00,0.00) -> screen=(1480,198)
DEBUG: AVANT (decalage) raw=(1480,198) dec=(0.00,0.00) coeff=(6.000,6.000) -> univers=(246.67,33.00)
DEBUG: mode fenetre conserve echelle l_act=1280 h_act=720 dec=(0.00,0.00)
DEBUG: APRES (decalage) univers=(246.67,33.00) coeff=(4.000,4.000) dec=(0.00,0.00) -> screen=(986,132)
DEBUG: AVANT (decalage) raw=(968,0) dec=(0.00,0.00) coeff=(4.000,4.000) -> univers=(242.00,0.00)
DEBUG: mode plein ecran conserve echelle mode=(1920x1080) l_act=1920 h_act=1080 dec=(0.00,0.00)
DEBUG: APRES (decalage) univers=(242.00,0.00) coeff=(6.000,6.000) dec=(0.00,0.00) -> screen=(1452,0)
DEBUG: AVANT (decalage) raw=(1401,203) dec=(0.00,0.00) coeff=(6.000,6.000) -> univers=(233.50,33.83)
DEBUG: mode fenetre conserve echelle l_act=1280 h_act=720 dec=(0.00,0.00)
DEBUG: APRES (decalage) univers=(233.50,33.83) coeff=(4.000,4.000) dec=(0.00,0.00) -> screen=(934,135)
DEBUG: AVANT (decalage) raw=(1150,0) dec=(0.00,0.00) coeff=(4.000,4.000) -> univers=(287.50,0.00)
DEBUG: mode plein ecran conserve echelle mode=(1920x1080) l_act=1920 h_act=1080 dec=(0.00,0.00)
DEBUG: APRES (decalage) univers=(287.50,0.00) coeff=(6.000,6.000) dec=(0.00,0.00) -> screen=(1725,0)
DEBUG: AVANT (decalage) raw=(1481,166) dec=(0.00,0.00) coeff=(6.000,6.000) -> univers=(246.83,27.67)
DEBUG: mode fenetre conserve echelle l_act=1280 h_act=720 dec=(0.00,0.00)
DEBUG: APRES (decalage) univers=(246.83,27.67) coeff=(4.000,4.000) dec=(0.00,0.00) -> screen=(987,110)
DEBUG: AVANT (decalage) raw=(791,18) dec=(0.00,0.00) coeff=(4.000,4.000) -> univers=(197.75,4.50)
DEBUG: mode plein ecran conserve echelle mode=(1920x1080) l_act=1920 h_act=1080 dec=(0.00,0.00)
DEBUG: APRES (decalage) univers=(197.75,4.50) coeff=(6.000,6.000) dec=(0.00,0.00) -> screen=(1186,27)
DEBUG: AVANT (decalage) raw=(1186,192) dec=(0.00,0.00) coeff=(6.000,6.000) -> univers=(197.67,32.00)
DEBUG: mode fenetre conserve echelle l_act=1280 h_act=720 dec=(0.00,0.00)
DEBUG: APRES (decalage) univers=(197.67,32.00) coeff=(4.000,4.000) dec=(0.00,0.00) -> screen=(790,128)
DEBUG: liberer_jeu debut
DEBUG: liberer_jeu fin
